<?xml version="1.0" encoding="UTF-8"?>
<!-- Generated by org.testng.reporters.JUnitXMLReporter -->
<testsuite ignored="0" hostname="DESKTOP-U273UD0" failures="0" tests="5" name="Test" time="9.027" errors="0" timestamp="2020-05-29T18:29:00 IST">
  <testcase classname="reqres.in_APITesting.CreateUser" name="Test1" time="3.345"/>
  <testcase classname="reqres.in_APITesting.Fetch_Singleuser" name="Test1" time="1.003"/>
  <testcase classname="reqres.in_APITesting.Fetch_Userlist" name="Test1" time="0.878"/>
  <testcase classname="reqres.in_APITesting.LoginSuccessful" name="Test1" time="1.335"/>
  <testcase classname="reqres.in_APITesting.LoginUnSuccessful" name="Test1" time="1.277"/>
</testsuite> <!-- Test -->
