<?xml version="1.0" encoding="UTF-8"?>
<testng-results ignored="0" total="1" passed="1" failed="0" skipped="0">
  <reporter-output>
  </reporter-output>
  <suite started-at="2020-05-29T10:57:30 IST" name="Default suite" finished-at="2020-05-29T10:57:35 IST" duration-ms="4468">
    <groups>
    </groups>
    <test started-at="2020-05-29T10:57:30 IST" name="Default test" finished-at="2020-05-29T10:57:35 IST" duration-ms="4468">
      <class name="covid19Api.TC_GetByDate">
        <test-method is-config="true" signature="function1()[pri:0, instance:covid19Api.TC_GetByDate@758c83d8]" started-at="2020-05-29T10:57:30 IST" name="function1" finished-at="2020-05-29T10:57:31 IST" duration-ms="957" status="PASS">
          <reporter-output>
          </reporter-output>
        </test-method> <!-- function1 -->
        <test-method signature="Test1()[pri:0, instance:covid19Api.TC_GetByDate@758c83d8]" started-at="2020-05-29T10:57:31 IST" name="Test1" finished-at="2020-05-29T10:57:35 IST" duration-ms="3464" status="PASS">
          <reporter-output>
          </reporter-output>
        </test-method> <!-- Test1 -->
      </class> <!-- covid19Api.TC_GetByDate -->
    </test> <!-- Default test -->
  </suite> <!-- Default suite -->
</testng-results>
